TN:
SF:src\to-do.js
FN:7,(anonymous_0)
FN:17,(anonymous_1)
FN:19,(anonymous_2)
FN:20,(anonymous_3)
FN:27,(anonymous_4)
FN:30,(anonymous_5)
FN:31,(anonymous_6)
FN:32,(anonymous_7)
FN:44,(anonymous_8)
FN:47,(anonymous_9)
FN:56,(anonymous_10)
FN:59,(anonymous_11)
FN:86,(anonymous_12)
FN:94,(anonymous_13)
FN:110,(anonymous_14)
FN:112,(anonymous_15)
FN:118,(anonymous_16)
FN:120,(anonymous_17)
FN:121,(anonymous_18)
FNF:19
FNH:13
FNDA:14,(anonymous_0)
FNDA:7,(anonymous_1)
FNDA:5,(anonymous_2)
FNDA:0,(anonymous_3)
FNDA:7,(anonymous_4)
FNDA:5,(anonymous_5)
FNDA:5,(anonymous_6)
FNDA:0,(anonymous_7)
FNDA:5,(anonymous_8)
FNDA:3,(anonymous_9)
FNDA:7,(anonymous_10)
FNDA:5,(anonymous_11)
FNDA:2,(anonymous_12)
FNDA:0,(anonymous_13)
FNDA:0,(anonymous_14)
FNDA:0,(anonymous_15)
FNDA:7,(anonymous_16)
FNDA:5,(anonymous_17)
FNDA:0,(anonymous_18)
DA:3,1
DA:4,1
DA:7,1
DA:9,14
DA:10,2
DA:12,12
DA:14,14
DA:17,1
DA:18,7
DA:19,7
DA:20,5
DA:21,0
DA:22,0
DA:27,1
DA:28,7
DA:29,7
DA:30,7
DA:31,5
DA:32,5
DA:33,0
DA:34,0
DA:35,0
DA:37,0
DA:39,0
DA:44,1
DA:45,5
DA:46,5
DA:47,5
DA:48,3
DA:49,2
DA:52,5
DA:53,5
DA:56,1
DA:57,7
DA:58,7
DA:59,7
DA:60,5
DA:61,5
DA:80,7
DA:81,7
DA:82,7
DA:83,7
DA:86,1
DA:87,2
DA:88,2
DA:89,2
DA:90,2
DA:91,2
DA:93,2
DA:94,0
DA:95,0
DA:96,0
DA:97,0
DA:98,0
DA:99,0
DA:100,0
DA:101,0
DA:103,2
DA:104,2
DA:105,2
DA:106,2
DA:110,1
DA:111,0
DA:112,0
DA:113,0
DA:114,0
DA:115,0
DA:118,1
DA:119,7
DA:120,7
DA:121,5
DA:122,0
DA:123,0
LF:73
LH:51
BRDA:9,0,0,2
BRDA:9,0,1,12
BRDA:34,1,0,0
BRDA:34,1,1,0
BRDA:48,2,0,2
BRDA:48,2,1,1
BRDA:60,3,0,0
BRDA:60,3,1,5
BRDA:88,4,0,2
BRDA:88,4,1,0
BRDA:93,5,0,0
BRDA:93,5,1,2
BRF:12
BRH:7
end_of_record
TN:
SF:src\validate.js
FN:3,(anonymous_0)
FN:4,(anonymous_1)
FN:9,(anonymous_2)
FN:10,(anonymous_3)
FN:16,(anonymous_4)
FNF:5
FNH:0
FNDA:0,(anonymous_0)
FNDA:0,(anonymous_1)
FNDA:0,(anonymous_2)
FNDA:0,(anonymous_3)
FNDA:0,(anonymous_4)
DA:3,1
DA:4,0
DA:5,0
DA:6,0
DA:9,1
DA:10,0
DA:11,0
DA:12,0
DA:14,0
DA:16,0
DA:17,0
DA:19,0
LF:12
LH:2
BRDA:11,0,0,0
BRDA:11,0,1,0
BRF:2
BRH:0
end_of_record
